0 info it worked if it ends with ok
1 verbose cli [ 'C:\\Program Files\\nodejs\\node.exe',
1 verbose cli   'C:\\Program Files\\nodejs\\node_modules\\npm\\bin\\npm-cli.js',
1 verbose cli   'run',
1 verbose cli   'test-watch-dropdown' ]
2 info using npm@3.10.8
3 info using node@v6.9.1
4 verbose run-script [ 'pretest-watch-dropdown',
4 verbose run-script   'test-watch-dropdown',
4 verbose run-script   'posttest-watch-dropdown' ]
5 info lifecycle editor3@1.0.0~pretest-watch-dropdown: editor3@1.0.0
6 silly lifecycle editor3@1.0.0~pretest-watch-dropdown: no script for pretest-watch-dropdown, continuing
7 info lifecycle editor3@1.0.0~test-watch-dropdown: editor3@1.0.0
8 verbose lifecycle editor3@1.0.0~test-watch-dropdown: unsafe-perm in lifecycle true
9 verbose lifecycle editor3@1.0.0~test-watch-dropdown: PATH: C:\Program Files\nodejs\node_modules\npm\bin\node-gyp-bin;C:\webserver2\editor\node_modules\.bin;C:\ProgramData\Oracle\Java\javapath;C:\WINDOWS\system32;C:\WINDOWS;C:\WINDOWS\System32\Wbem;C:\WINDOWS\System32\WindowsPowerShell\v1.0\;C:\Program Files (x86)\Git\cmd;C:\Program Files (x86)\Git\bin;C:\Program Files (x86)\PHP;C:\Program Files\Git\cmd;C:\ProgramData\ComposerSetup\bin;C:\Program Files\TortoiseHg\;C:\Program Files (x86)\Skype\Phone\;C:\Program Files\OpenVPN\bin;C:\Program Files\TortoiseSVN\bin;C:\webserver\www\.dev\flipsnack\arcanist\bin;C:\HashiCorp\Vagrant\bin;C:\Program Files\nodejs\;C:\Users\Andra\AppData\Roaming\Composer\vendor\bin;C:\Users\Andra\AppData\Local\Microsoft\WindowsApps;C:\Users\Andra\AppData\Roaming\npm
10 verbose lifecycle editor3@1.0.0~test-watch-dropdown: CWD: C:\webserver2\editor
11 silly lifecycle editor3@1.0.0~test-watch-dropdown: Args: [ '/d /s /c',
11 silly lifecycle   'mocha --watch --compilers js:babel-core/register --require tests/helpers/browser.js tests/**/dropdown.spec.js' ]
12 verbose stack Error: kill ENOSYS
12 verbose stack     at exports._errnoException (util.js:1026:11)
12 verbose stack     at process.kill (internal/process.js:172:13)
12 verbose stack     at process.listener (C:\Program Files\nodejs\node_modules\npm\node_modules\npmlog\node_modules\gauge\node_modules\signal-exit\index.js:86:15)
12 verbose stack     at emitNone (events.js:91:20)
12 verbose stack     at process.emit (events.js:185:7)
12 verbose stack     at processEmit (C:\Program Files\nodejs\node_modules\npm\node_modules\npmlog\node_modules\gauge\node_modules\signal-exit\index.js:146:32)
12 verbose stack     at processEmit (C:\Program Files\nodejs\node_modules\npm\node_modules\npm-registry-client\node_modules\npmlog\node_modules\gauge\node_modules\signal-exit\index.js:146:32)
12 verbose stack     at Signal.wrap.onsignal (internal/process.js:199:44)
13 verbose cwd C:\webserver2\editor
14 error Windows_NT 10.0.14393
15 error argv "C:\\Program Files\\nodejs\\node.exe" "C:\\Program Files\\nodejs\\node_modules\\npm\\bin\\npm-cli.js" "run" "test-watch-dropdown"
16 error node v6.9.1
17 error npm  v3.10.8
18 error code ENOSYS
19 error errno ENOSYS
20 error syscall kill
21 error kill ENOSYS
22 error If you need help, you may report this error at:
22 error     <https://github.com/npm/npm/issues>
23 verbose exit [ 1, true ]
